[debug] [2023-04-23T05:14:44.783Z] ----------------------------------------------------------------------
[debug] [2023-04-23T05:14:44.789Z] Command:       C:\Program Files\nodejs\node.exe C:\Users\prash\AppData\Roaming\npm\node_modules\firebase-tools\lib\bin\firebase.js init hosting
[debug] [2023-04-23T05:14:44.790Z] CLI Version:   11.28.0
[debug] [2023-04-23T05:14:44.791Z] Platform:      win32
[debug] [2023-04-23T05:14:44.791Z] Node Version:  v16.15.0
[debug] [2023-04-23T05:14:44.793Z] Time:          Sun Apr 23 2023 10:44:44 GMT+0530 (India Standard Time)
[debug] [2023-04-23T05:14:44.793Z] ----------------------------------------------------------------------
[debug] 
[debug] [2023-04-23T05:14:44.807Z] > command requires scopes: ["email","openid","https://www.googleapis.com/auth/cloudplatformprojects.readonly","https://www.googleapis.com/auth/firebase","https://www.googleapis.com/auth/cloud-platform"]
[debug] [2023-04-23T05:14:44.807Z] > authorizing via signed-in user (groupgolu@gmail.com)
[info] 
     ######## #### ########  ######## ########     ###     ######  ########
     ##        ##  ##     ## ##       ##     ##  ##   ##  ##       ##
     ######    ##  ########  ######   ########  #########  ######  ######
     ##        ##  ##    ##  ##       ##     ## ##     ##       ## ##
     ##       #### ##     ## ######## ########  ##     ##  ######  ########

You're about to initialize a Firebase project in this directory:

  G:\calculator

[info] 
=== Project Setup
[info] 
[info] First, let's associate this project directory with a Firebase project.
[info] You can create multiple project aliases by running firebase use --add, 
[info] but for now we'll just set up a default project.
[info] 
[debug] [2023-04-23T05:14:47.993Z] >>> [apiv2][query] GET https://firebase.googleapis.com/v1beta1/projects pageSize=100
[debug] [2023-04-23T05:14:49.201Z] <<< [apiv2][status] GET https://firebase.googleapis.com/v1beta1/projects 200
[debug] [2023-04-23T05:14:49.201Z] <<< [apiv2][body] GET https://firebase.googleapis.com/v1beta1/projects [omitted]
[info] i  Using project calculateme1 (calculate) 
[info] 
=== Hosting Setup
[info] 
[info] Your public directory is the folder (relative to your project directory) that
[info] will contain Hosting assets to be uploaded with firebase deploy. If you
[info] have a build process for your assets, use your build's output directory.
[info] 
[info] +  Wrote public/404.html 
[debug] [2023-04-23T05:15:34.997Z] >>> [apiv2][query] GET https://www.gstatic.com/firebasejs/releases.json [none]
[debug] [2023-04-23T05:15:35.473Z] <<< [apiv2][status] GET https://www.gstatic.com/firebasejs/releases.json 200
[debug] [2023-04-23T05:15:35.473Z] <<< [apiv2][body] GET https://www.gstatic.com/firebasejs/releases.json {"current":{"version":"9.20.0","browserURL":"https://www.gstatic.com/firebasejs/9.20.0/firebase.js","packageURL":"https://www.gstatic.com/firebasejs/9.20.0/firebase.tgz"},"live":{"version":"9.20","browserURL":"https://www.gstatic.com/firebasejs/live/9.20/firebase.js","packageURL":"https://www.gstatic.com/firebasejs/live/9.20/firebase.tgz"},"components":{"analytics":"https://www.gstatic.com/firebasejs/9.20.0/firebase-analytics.js","app":"https://www.gstatic.com/firebasejs/9.20.0/firebase-app.js","app-check":"https://www.gstatic.com/firebasejs/9.20.0/firebase-app-check.js","auth":"https://www.gstatic.com/firebasejs/9.20.0/firebase-auth.js","auth/cordova":"https://www.gstatic.com/firebasejs/9.20.0/firebase-auth/cordova.js","auth/react-native":"https://www.gstatic.com/firebasejs/9.20.0/firebase-auth/react-native.js","functions":"https://www.gstatic.com/firebasejs/9.20.0/firebase-functions.js","firestore":"https://www.gstatic.com/firebasejs/9.20.0/firebase-firestore.js","firestore/lite":"https://www.gstatic.com/firebasejs/9.20.0/firebase-firestore/lite.js","installations":"https://www.gstatic.com/firebasejs/9.20.0/firebase-installations.js","storage":"https://www.gstatic.com/firebasejs/9.20.0/firebase-storage.js","performance":"https://www.gstatic.com/firebasejs/9.20.0/firebase-performance.js","remote-config":"https://www.gstatic.com/firebasejs/9.20.0/firebase-remote-config.js","messaging":"https://www.gstatic.com/firebasejs/9.20.0/firebase-messaging.js","messaging/sw":"https://www.gstatic.com/firebasejs/9.20.0/firebase-messaging/sw.js","database":"https://www.gstatic.com/firebasejs/9.20.0/firebase-database.js","firestore.memory":"https://www.gstatic.com/firebasejs/9.20.0/firebase-firestore.memory.js"}}
[info] i  Skipping write of public/index.html 
[info] 
[info] i  Detected a .git folder at G:\calculator 
[info] i  Authorizing with GitHub to upload your service account to a GitHub repository's secrets store. 
[info] 
[info] Visit this URL on this device to log in:
[info] https://github.com/login/oauth/authorize?client_id=89cf50f02ac6aaed3484&state=925222453&redirect_uri=http%3A%2F%2Flocalhost%3A9005&scope=read%3Auser%20repo%20public_repo
[info] 
[info] Waiting for authentication...
[debug] [2023-04-23T05:15:41.930Z] >>> [apiv2][query] POST https://github.com/login/oauth/access_token [none]
[debug] [2023-04-23T05:15:41.930Z] >>> [apiv2][body] POST https://github.com/login/oauth/access_token [stream]
[debug] [2023-04-23T05:15:42.465Z] <<< [apiv2][status] POST https://github.com/login/oauth/access_token 200
[debug] [2023-04-23T05:15:42.466Z] <<< [apiv2][body] POST https://github.com/login/oauth/access_token {"access_token":"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","token_type":"bearer","scope":"read:user,repo"}
[debug] [2023-04-23T05:15:42.478Z] >>> [apiv2][query] GET https://api.github.com/user [none]
[debug] [2023-04-23T05:15:43.192Z] <<< [apiv2][status] GET https://api.github.com/user 200
[debug] [2023-04-23T05:15:43.192Z] <<< [apiv2][body] GET https://api.github.com/user {"login":"prashantv9","id":106054801,"node_id":"U_kgDOBlJEkQ","avatar_url":"https://avatars.githubusercontent.com/u/106054801?v=4","gravatar_id":"","url":"https://api.github.com/users/prashantv9","html_url":"https://github.com/prashantv9","followers_url":"https://api.github.com/users/prashantv9/followers","following_url":"https://api.github.com/users/prashantv9/following{/other_user}","gists_url":"https://api.github.com/users/prashantv9/gists{/gist_id}","starred_url":"https://api.github.com/users/prashantv9/starred{/owner}{/repo}","subscriptions_url":"https://api.github.com/users/prashantv9/subscriptions","organizations_url":"https://api.github.com/users/prashantv9/orgs","repos_url":"https://api.github.com/users/prashantv9/repos","events_url":"https://api.github.com/users/prashantv9/events{/privacy}","received_events_url":"https://api.github.com/users/prashantv9/received_events","type":"User","site_admin":false,"name":"PRASHANT VERMA","company":null,"blog":"","location":null,"email":null,"hireable":null,"bio":null,"twitter_username":null,"public_repos":2,"public_gists":0,"followers":1,"following":2,"created_at":"2022-05-23T05:46:38Z","updated_at":"2023-04-19T17:01:04Z","private_gists":0,"total_private_repos":4,"owned_private_repos":4,"disk_usage":51942,"collaborators":0,"two_factor_authentication":false,"plan":{"name":"free","space":976562499,"collaborators":0,"private_repos":10000}}
[info] 
[info] +  Success! Logged into GitHub as prashantv9 
[info] 
